Build started 2014-11-19 4:08:02 PM.
     1>Project "C:\Users\mwang\Desktop\sound files\DDr\source\ConsoleApplication1\ConsoleApplication2\ConsoleApplication2.vcxproj" on node 2 (Build target(s)).
     1>ClCompile:
         C:\Program Files (x86)\Microsoft Visual Studio 12.0\VC\bin\CL.exe /c /Zi /nologo /W3 /WX- /sdl /O2 /Oi /Oy- /GL /D WIN32 /D NDEBUG /D _CONSOLE /D _LIB /D _UNICODE /D UNICODE /Gm- /EHsc /MD /GS /Gy /fp:precise /Zc:wchar_t /Zc:forScope /Fo"Release\\" /Fd"Release\vc120.pdb" /Gd /TP /analyze- /errorReport:prompt Main.cpp
         Main.cpp
     1>Main.cpp(63): warning C4018: '<' : signed/unsigned mismatch
     1>Main.cpp(64): warning C4018: '<' : signed/unsigned mismatch
     1>Main.cpp(80): warning C4018: '<' : signed/unsigned mismatch
     1>Main.cpp(93): warning C4018: '<' : signed/unsigned mismatch
     1>Main.cpp(97): warning C4018: '<' : signed/unsigned mismatch
     1>Main.cpp(104): warning C4018: '<' : signed/unsigned mismatch
       Link:
         C:\Program Files (x86)\Microsoft Visual Studio 12.0\VC\bin\link.exe /ERRORREPORT:PROMPT /OUT:"C:\Users\mwang\Desktop\sound files\DDr\source\ConsoleApplication1\Release\ConsoleApplication2.exe" /INCREMENTAL:NO /NOLOGO kernel32.lib user32.lib gdi32.lib winspool.lib comdlg32.lib advapi32.lib shell32.lib ole32.lib oleaut32.lib uuid.lib odbc32.lib odbccp32.lib /MANIFEST /MANIFESTUAC:"level='asInvoker' uiAccess='false'" /manifest:embed /DEBUG /PDB:"C:\Users\mwang\Desktop\sound files\DDr\source\ConsoleApplication1\Release\ConsoleApplication2.pdb" /SUBSYSTEM:CONSOLE /OPT:REF /OPT:ICF /LTCG /TLBID:1 /DYNAMICBASE /NXCOMPAT /IMPLIB:"C:\Users\mwang\Desktop\sound files\DDr\source\ConsoleApplication1\Release\ConsoleApplication2.lib" /MACHINE:X86 /SAFESEH Release\Main.obj
         FreeImage.lib
         rtAudio\lib\vs\dsound.lib
         rtAudio\lib\vs\rtAudio.lib
         rtAudio\lib\vs\rtAudioD.lib
         Generating code
         Finished generating code
         ConsoleApplication2.vcxproj -> C:\Users\mwang\Desktop\sound files\DDr\source\ConsoleApplication1\Release\ConsoleApplication2.exe
     1>Done Building Project "C:\Users\mwang\Desktop\sound files\DDr\source\ConsoleApplication1\ConsoleApplication2\ConsoleApplication2.vcxproj" (Build target(s)).

Build succeeded.

Time Elapsed 00:00:00.93
